12:01:39;response;GET;https://graph.facebook.com/v6.0/265602470229425?fields=supports_implicit_sdk_logging%2Cgdpv4_nux_content%2Cgdpv4_nux_enabled%2Candroid_dialog_configs%2Candroid_sdk_error_categories%2Capp_events_session_timeout%2Capp_events_feature_bitmask%2Cauto_event_mapping_android%2Cseamless_login%2Csmart_login_bookmark_icon_url%2Csmart_login_menu_icon_url%2Crestrictive_data_filter_params%2Caam_rules%2Csuggested_events_setting&format=json&sdk=android
12:01:39;response;POST;https://firebaseinstallations.googleapis.com/v1/projects/kassa-mobile/installations/fCufuZg8RBmke5a5oqPaNq/authTokens:generate
12:01:39;response;GET;https://graph.facebook.com/v6.0/265602470229425/mobile_sdk_gk?fields=gatekeepers&format=json&sdk_version=7.1.0&sdk=android&platform=android
12:01:39;response;GET;https://graph.facebook.com/v6.0/265602470229425/mobile_sdk_gk?fields=gatekeepers&format=json&sdk_version=7.1.0&sdk=android&platform=android
12:01:39;response;POST;https://firebaseinstallations.googleapis.com/v1/projects/kassa-mobile/installations/fCufuZg8RBmke5a5oqPaNq/authTokens:generate
12:01:40;response;POST;https://report.appmetrica.yandex.net/report?encrypted_request=1&deviceid=392b8588363d748e0877e08d546fe3cb&uuid=eb2f6c540d754e1f8450ceacabcc7978&analytics_sdk_version_name=3.8.0&app_version_name=3.1.4&app_build_number=300104000&os_version=11&os_api_level=30&analytics_sdk_build_number=66508&analytics_sdk_build_type=public&app_debuggable=1&locale=en_US&is_rooted=1&app_framework=native&attribution_id=1&api_key_128=003dc4e6-8728-46fc-89fd-25fa69c02ca7&app_id=ru.rambler.kassa.dev&app_platform=android&model=sdk_gphone_x86_arm&manufacturer=Google&screen_width=2220&screen_height=1080&screen_dpi=440&scalefactor=2.75&device_type=phone&android_id=0a2784f92200e29a&adv_id=7f8761a4-5ef6-4325-ad3b-ad267fa3212d&limit_ad_tracking=0&request_id=869
12:01:40;response;POST;https://rambler.pushwoosh.com/json/1.3/getInApps
12:01:40;response;POST;https://firebaseremoteconfig.googleapis.com/v1/projects/624036743330/namespaces/firebase:fetch
12:01:40;response;POST;https://rambler.pushwoosh.com/json/1.3/getConfig
12:01:40;response;POST;https://rambler.pushwoosh.com/json/1.3/applicationOpen
12:01:40;response;POST;https://firebaseremoteconfig.googleapis.com/v1/projects/624036743330/namespaces/firebase:fetch
12:01:40;response;POST;https://firebaseremoteconfig.googleapis.com/v1/projects/624036743330/namespaces/firebase:fetch
12:01:49;response;POST;https://firebaseinstallations.googleapis.com/v1/projects/kassa-mobile/installations/fCufuZg8RBmke5a5oqPaNq/authTokens:generate
12:01:49;response;GET;https://graph.facebook.com/v6.0/265602470229425/mobile_sdk_gk?fields=gatekeepers&format=json&sdk_version=7.1.0&sdk=android&platform=android
12:01:49;response;GET;https://graph.facebook.com/v6.0/265602470229425?fields=supports_implicit_sdk_logging%2Cgdpv4_nux_content%2Cgdpv4_nux_enabled%2Candroid_dialog_configs%2Candroid_sdk_error_categories%2Capp_events_session_timeout%2Capp_events_feature_bitmask%2Cauto_event_mapping_android%2Cseamless_login%2Csmart_login_bookmark_icon_url%2Csmart_login_menu_icon_url%2Crestrictive_data_filter_params%2Caam_rules%2Csuggested_events_setting&format=json&sdk=android
12:01:49;response;GET;https://graph.facebook.com/v6.0/265602470229425?fields=supports_implicit_sdk_logging%2Cgdpv4_nux_content%2Cgdpv4_nux_enabled%2Candroid_dialog_configs%2Candroid_sdk_error_categories%2Capp_events_session_timeout%2Capp_events_feature_bitmask%2Cauto_event_mapping_android%2Cseamless_login%2Csmart_login_bookmark_icon_url%2Csmart_login_menu_icon_url%2Crestrictive_data_filter_params%2Caam_rules%2Csuggested_events_setting&format=json&sdk=android
12:01:49;response;GET;https://graph.facebook.com/v6.0/265602470229425/mobile_sdk_gk?fields=gatekeepers&format=json&sdk_version=7.1.0&sdk=android&platform=android
12:01:49;response;POST;https://firebaseinstallations.googleapis.com/v1/projects/kassa-mobile/installations/fCufuZg8RBmke5a5oqPaNq/authTokens:generate
12:01:49;response;POST;https://rambler.pushwoosh.com/json/1.3/getConfig
12:01:50;response;POST;https://rambler.pushwoosh.com/json/1.3/getInApps
12:01:50;response;POST;https://rambler.pushwoosh.com/json/1.3/applicationOpen
12:01:50;response;POST;https://report.appmetrica.yandex.net/report?encrypted_request=1&deviceid=392b8588363d748e0877e08d546fe3cb&uuid=eb2f6c540d754e1f8450ceacabcc7978&analytics_sdk_version_name=3.8.0&app_version_name=3.1.4&app_build_number=300104000&os_version=11&os_api_level=30&analytics_sdk_build_number=66508&analytics_sdk_build_type=public&app_debuggable=1&locale=en_US&is_rooted=1&app_framework=native&attribution_id=1&api_key_128=003dc4e6-8728-46fc-89fd-25fa69c02ca7&app_id=ru.rambler.kassa.dev&app_platform=android&model=sdk_gphone_x86_arm&manufacturer=Google&screen_width=2220&screen_height=1080&screen_dpi=440&scalefactor=2.75&device_type=phone&android_id=0a2784f92200e29a&adv_id=7f8761a4-5ef6-4325-ad3b-ad267fa3212d&limit_ad_tracking=0&request_id=870
12:01:50;response;POST;https://firebaseremoteconfig.googleapis.com/v1/projects/624036743330/namespaces/firebase:fetch
12:01:50;response;POST;https://firebaseremoteconfig.googleapis.com/v1/projects/624036743330/namespaces/firebase:fetch
12:01:51;response;POST;https://firebaseremoteconfig.googleapis.com/v1/projects/624036743330/namespaces/firebase:fetch
12:02:50;response;GET;https://graph.facebook.com/v6.0/265602470229425/mobile_sdk_gk?fields=gatekeepers&format=json&sdk_version=7.1.0&sdk=android&platform=android
12:02:50;response;GET;https://graph.facebook.com/v6.0/265602470229425?fields=supports_implicit_sdk_logging%2Cgdpv4_nux_content%2Cgdpv4_nux_enabled%2Candroid_dialog_configs%2Candroid_sdk_error_categories%2Capp_events_session_timeout%2Capp_events_feature_bitmask%2Cauto_event_mapping_android%2Cseamless_login%2Csmart_login_bookmark_icon_url%2Csmart_login_menu_icon_url%2Crestrictive_data_filter_params%2Caam_rules%2Csuggested_events_setting&format=json&sdk=android
12:02:50;response;POST;https://firebaseinstallations.googleapis.com/v1/projects/kassa-mobile/installations/fCufuZg8RBmke5a5oqPaNq/authTokens:generate
12:02:50;response;GET;https://graph.facebook.com/v6.0/265602470229425/mobile_sdk_gk?fields=gatekeepers&format=json&sdk_version=7.1.0&sdk=android&platform=android
12:02:50;response;POST;https://rambler.pushwoosh.com/json/1.3/getConfig
12:02:50;response;POST;https://rambler.pushwoosh.com/json/1.3/applicationOpen
12:02:50;response;POST;https://rambler.pushwoosh.com/json/1.3/getInApps
12:02:50;response;POST;https://firebaseinstallations.googleapis.com/v1/projects/kassa-mobile/installations/fCufuZg8RBmke5a5oqPaNq/authTokens:generate
12:02:51;response;POST;https://report.appmetrica.yandex.net/report?encrypted_request=1&deviceid=392b8588363d748e0877e08d546fe3cb&uuid=eb2f6c540d754e1f8450ceacabcc7978&analytics_sdk_version_name=3.8.0&app_version_name=3.1.4&app_build_number=300104000&os_version=11&os_api_level=30&analytics_sdk_build_number=66508&analytics_sdk_build_type=public&app_debuggable=1&locale=en_US&is_rooted=1&app_framework=native&attribution_id=1&api_key_128=003dc4e6-8728-46fc-89fd-25fa69c02ca7&app_id=ru.rambler.kassa.dev&app_platform=android&model=sdk_gphone_x86_arm&manufacturer=Google&screen_width=2220&screen_height=1080&screen_dpi=440&scalefactor=2.75&device_type=phone&android_id=0a2784f92200e29a&adv_id=7f8761a4-5ef6-4325-ad3b-ad267fa3212d&limit_ad_tracking=0&request_id=871
12:02:52;response;POST;https://firebaseremoteconfig.googleapis.com/v1/projects/624036743330/namespaces/firebase:fetch
12:02:52;response;POST;https://firebaseremoteconfig.googleapis.com/v1/projects/624036743330/namespaces/firebase:fetch
12:02:52;response;POST;https://firebaseremoteconfig.googleapis.com/v1/projects/624036743330/namespaces/firebase:fetch
12:03:19;response;GET;https://graph.facebook.com/v6.0/265602470229425/mobile_sdk_gk?fields=gatekeepers&format=json&sdk_version=7.1.0&sdk=android&platform=android
12:03:19;response;GET;https://graph.facebook.com/v6.0/265602470229425?fields=supports_implicit_sdk_logging%2Cgdpv4_nux_content%2Cgdpv4_nux_enabled%2Candroid_dialog_configs%2Candroid_sdk_error_categories%2Capp_events_session_timeout%2Capp_events_feature_bitmask%2Cauto_event_mapping_android%2Cseamless_login%2Csmart_login_bookmark_icon_url%2Csmart_login_menu_icon_url%2Crestrictive_data_filter_params%2Caam_rules%2Csuggested_events_setting&format=json&sdk=android
12:03:19;response;GET;https://graph.facebook.com/v6.0/265602470229425/mobile_sdk_gk?fields=gatekeepers&format=json&sdk_version=7.1.0&sdk=android&platform=android
12:03:19;response;POST;https://firebaseinstallations.googleapis.com/v1/projects/kassa-mobile/installations/fCufuZg8RBmke5a5oqPaNq/authTokens:generate
12:03:19;response;POST;https://rambler.pushwoosh.com/json/1.3/getConfig
12:03:19;response;POST;https://rambler.pushwoosh.com/json/1.3/getInApps
12:03:20;response;POST;https://firebaseinstallations.googleapis.com/v1/projects/kassa-mobile/installations/fCufuZg8RBmke5a5oqPaNq/authTokens:generate
12:03:20;response;POST;https://rambler.pushwoosh.com/json/1.3/applicationOpen
12:03:20;response;POST;https://report.appmetrica.yandex.net/report?encrypted_request=1&deviceid=392b8588363d748e0877e08d546fe3cb&uuid=eb2f6c540d754e1f8450ceacabcc7978&analytics_sdk_version_name=3.8.0&app_version_name=3.1.4&app_build_number=300104000&os_version=11&os_api_level=30&analytics_sdk_build_number=66508&analytics_sdk_build_type=public&app_debuggable=1&locale=en_US&is_rooted=1&app_framework=native&attribution_id=1&api_key_128=003dc4e6-8728-46fc-89fd-25fa69c02ca7&app_id=ru.rambler.kassa.dev&app_platform=android&model=sdk_gphone_x86_arm&manufacturer=Google&screen_width=2220&screen_height=1080&screen_dpi=440&scalefactor=2.75&device_type=phone&android_id=0a2784f92200e29a&adv_id=7f8761a4-5ef6-4325-ad3b-ad267fa3212d&limit_ad_tracking=0&request_id=872
12:03:21;response;POST;https://firebaseremoteconfig.googleapis.com/v1/projects/624036743330/namespaces/firebase:fetch
12:03:21;response;POST;https://firebaseremoteconfig.googleapis.com/v1/projects/624036743330/namespaces/firebase:fetch
12:03:21;response;POST;https://firebaseremoteconfig.googleapis.com/v1/projects/624036743330/namespaces/firebase:fetch
12:04:12;response;GET;https://graph.facebook.com/v6.0/265602470229425?fields=supports_implicit_sdk_logging%2Cgdpv4_nux_content%2Cgdpv4_nux_enabled%2Candroid_dialog_configs%2Candroid_sdk_error_categories%2Capp_events_session_timeout%2Capp_events_feature_bitmask%2Cauto_event_mapping_android%2Cseamless_login%2Csmart_login_bookmark_icon_url%2Csmart_login_menu_icon_url%2Crestrictive_data_filter_params%2Caam_rules%2Csuggested_events_setting&format=json&sdk=android
12:04:12;response;GET;https://graph.facebook.com/v6.0/265602470229425/mobile_sdk_gk?fields=gatekeepers&format=json&sdk_version=7.1.0&sdk=android&platform=android
12:04:12;response;GET;https://graph.facebook.com/v6.0/265602470229425/mobile_sdk_gk?fields=gatekeepers&format=json&sdk_version=7.1.0&sdk=android&platform=android
12:04:12;response;POST;https://firebaseinstallations.googleapis.com/v1/projects/kassa-mobile/installations/fCufuZg8RBmke5a5oqPaNq/authTokens:generate
12:04:12;response;POST;https://rambler.pushwoosh.com/json/1.3/getConfig
12:04:12;response;POST;https://rambler.pushwoosh.com/json/1.3/applicationOpen
12:04:12;response;POST;https://rambler.pushwoosh.com/json/1.3/getInApps
12:04:12;response;POST;https://firebaseinstallations.googleapis.com/v1/projects/kassa-mobile/installations/fCufuZg8RBmke5a5oqPaNq/authTokens:generate
12:04:13;response;POST;https://firebaseremoteconfig.googleapis.com/v1/projects/624036743330/namespaces/firebase:fetch
12:04:13;response;POST;https://report.appmetrica.yandex.net/report?encrypted_request=1&deviceid=392b8588363d748e0877e08d546fe3cb&uuid=eb2f6c540d754e1f8450ceacabcc7978&analytics_sdk_version_name=3.8.0&app_version_name=3.1.4&app_build_number=300104000&os_version=11&os_api_level=30&analytics_sdk_build_number=66508&analytics_sdk_build_type=public&app_debuggable=1&locale=en_US&is_rooted=1&app_framework=native&attribution_id=1&api_key_128=003dc4e6-8728-46fc-89fd-25fa69c02ca7&app_id=ru.rambler.kassa.dev&app_platform=android&model=sdk_gphone_x86_arm&manufacturer=Google&screen_width=2220&screen_height=1080&screen_dpi=440&scalefactor=2.75&device_type=phone&android_id=0a2784f92200e29a&adv_id=7f8761a4-5ef6-4325-ad3b-ad267fa3212d&limit_ad_tracking=0&request_id=873
12:04:13;response;POST;https://firebaseremoteconfig.googleapis.com/v1/projects/624036743330/namespaces/firebase:fetch
12:04:13;response;POST;https://firebaseremoteconfig.googleapis.com/v1/projects/624036743330/namespaces/firebase:fetch
12:04:42;response;GET;https://graph.facebook.com/v6.0/265602470229425/mobile_sdk_gk?fields=gatekeepers&format=json&sdk_version=7.1.0&sdk=android&platform=android
12:04:42;response;GET;https://graph.facebook.com/v6.0/265602470229425?fields=supports_implicit_sdk_logging%2Cgdpv4_nux_content%2Cgdpv4_nux_enabled%2Candroid_dialog_configs%2Candroid_sdk_error_categories%2Capp_events_session_timeout%2Capp_events_feature_bitmask%2Cauto_event_mapping_android%2Cseamless_login%2Csmart_login_bookmark_icon_url%2Csmart_login_menu_icon_url%2Crestrictive_data_filter_params%2Caam_rules%2Csuggested_events_setting&format=json&sdk=android
12:04:42;response;GET;https://graph.facebook.com/v6.0/265602470229425?fields=supports_implicit_sdk_logging%2Cgdpv4_nux_content%2Cgdpv4_nux_enabled%2Candroid_dialog_configs%2Candroid_sdk_error_categories%2Capp_events_session_timeout%2Capp_events_feature_bitmask%2Cauto_event_mapping_android%2Cseamless_login%2Csmart_login_bookmark_icon_url%2Csmart_login_menu_icon_url%2Crestrictive_data_filter_params%2Caam_rules%2Csuggested_events_setting&format=json&sdk=android
12:04:42;response;POST;https://firebaseinstallations.googleapis.com/v1/projects/kassa-mobile/installations/fCufuZg8RBmke5a5oqPaNq/authTokens:generate
12:04:43;response;GET;https://graph.facebook.com/v6.0/265602470229425/mobile_sdk_gk?fields=gatekeepers&format=json&sdk_version=7.1.0&sdk=android&platform=android
12:04:43;response;POST;https://rambler.pushwoosh.com/json/1.3/getConfig
12:04:43;response;POST;https://rambler.pushwoosh.com/json/1.3/applicationOpen
12:04:43;response;POST;https://rambler.pushwoosh.com/json/1.3/getInApps
12:04:43;response;POST;https://firebaseinstallations.googleapis.com/v1/projects/kassa-mobile/installations/fCufuZg8RBmke5a5oqPaNq/authTokens:generate
15:25:31;response;GET;http://connectivitycheck.gstatic.com/generate_204
15:25:31;response;GET;http://www.google.com/gen_204
16:27:04;response;GET;http://connectivitycheck.gstatic.com/generate_204
16:27:04;response;GET;http://play.googleapis.com/generate_204
